This file contains any messages produced by compilers while
running configure, to aid debugging if configure makes a mistake.

It was created by asciidoc configure 8.6.10, which was
generated by GNU Autoconf 2.69.  Invocation command line was

  $ ./configure --build=x86_64-linux-gnu --prefix=/usr --includedir=${prefix}/include --mandir=${prefix}/share/man --infodir=${prefix}/share/info --sysconfdir=/etc --localstatedir=/var --disable-silent-rules --libdir=${prefix}/lib/x86_64-linux-gnu --libexecdir=${prefix}/lib/x86_64-linux-gnu --runstatedir=/run --disable-maintainer-mode --disable-dependency-tracking

## --------- ##
## Platform. ##
## --------- ##

hostname = server
uname -m = x86_64
uname -r = 4.9.0-8-amd64
uname -s = Linux
uname -v = #1 SMP Debian 4.9.130-2 (2018-10-27)

/usr/bin/uname -p = unknown
/bin/uname -X     = unknown

/bin/arch              = unknown
/usr/bin/arch -k       = unknown
/usr/convex/getsysinfo = unknown
/usr/bin/hostinfo      = unknown
/bin/machine           = unknown
/usr/bin/oslevel       = unknown
/bin/universe          = unknown

PATH: /opt/intel/advisor/bin64
PATH: /opt/intel/vtune_amplifier/bin64
PATH: /opt/intel/inspector/bin64
PATH: /opt/intel/compilers_and_libraries/linux/pkg_bin/intel64
PATH: /opt/intel/compilers_and_libraries/linux/debugger/gdb/intel64/bin
PATH: /usr/sbin
PATH: /usr/bin
PATH: /sbin
PATH: /bin
PATH: /usr/bin/X11


## ----------- ##
## Core tests. ##
## ----------- ##

configure:1686: checking for a sed that does not truncate output
configure:1750: result: /bin/sed
configure:1756: checking whether ln -s works
configure:1760: result: yes
configure:1811: checking for a BSD-compatible install
configure:1879: result: /usr/bin/install -c
configure:2041: creating ./config.status

## ---------------------- ##
## Running config.status. ##
## ---------------------- ##

This file was extended by asciidoc config.status 8.6.10, which was
generated by GNU Autoconf 2.69.  Invocation command line was

  CONFIG_FILES    = 
  CONFIG_HEADERS  = 
  CONFIG_LINKS    = 
  CONFIG_COMMANDS = 
  $ ./config.status 

on server

config.status:719: creating Makefile
configure:3048: WARNING: unrecognized options: --disable-silent-rules, --disable-maintainer-mode, --disable-dependency-tracking

## ---------------- ##
## Cache variables. ##
## ---------------- ##

ac_cv_env_build_alias_set=set
ac_cv_env_build_alias_value=x86_64-linux-gnu
ac_cv_env_host_alias_set=
ac_cv_env_host_alias_value=
ac_cv_env_target_alias_set=
ac_cv_env_target_alias_value=
ac_cv_path_SED=/bin/sed
ac_cv_path_install='/usr/bin/install -c'

## ----------------- ##
## Output variables. ##
## ----------------- ##

DEFS='-DPACKAGE_NAME=\"asciidoc\" -DPACKAGE_TARNAME=\"asciidoc\" -DPACKAGE_VERSION=\"8.6.10\" -DPACKAGE_STRING=\"asciidoc\ 8.6.10\" -DPACKAGE_BUGREPORT=\"\" -DPACKAGE_URL=\"\"'
ECHO_C=''
ECHO_N='-n'
ECHO_T=''
INSTALL_DATA='${INSTALL} -m 644'
INSTALL_PROGRAM='${INSTALL}'
INSTALL_SCRIPT='${INSTALL}'
LIBOBJS=''
LIBS=''
LN_S='ln -s'
LTLIBOBJS=''
PACKAGE_BUGREPORT=''
PACKAGE_NAME='asciidoc'
PACKAGE_STRING='asciidoc 8.6.10'
PACKAGE_TARNAME='asciidoc'
PACKAGE_URL=''
PACKAGE_VERSION='8.6.10'
PATH_SEPARATOR=':'
SED='/bin/sed'
SHELL='/bin/bash'
bindir='${exec_prefix}/bin'
build_alias='x86_64-linux-gnu'
datadir='${datarootdir}'
datarootdir='${prefix}/share'
docdir='${datarootdir}/doc/${PACKAGE_TARNAME}'
dvidir='${docdir}'
exec_prefix='${prefix}'
host_alias=''
htmldir='${docdir}'
includedir='${prefix}/include'
infodir='${prefix}/share/info'
libdir='${prefix}/lib/x86_64-linux-gnu'
libexecdir='${prefix}/lib/x86_64-linux-gnu'
localedir='${datarootdir}/locale'
localstatedir='/var'
mandir='${prefix}/share/man'
oldincludedir='/usr/include'
pdfdir='${docdir}'
prefix='/usr'
program_transform_name='s,x,x,'
psdir='${docdir}'
runstatedir='/run'
sbindir='${exec_prefix}/sbin'
sharedstatedir='${prefix}/com'
sysconfdir='/etc'
target_alias=''

## ----------- ##
## confdefs.h. ##
## ----------- ##

/* confdefs.h */
#define PACKAGE_NAME "asciidoc"
#define PACKAGE_TARNAME "asciidoc"
#define PACKAGE_VERSION "8.6.10"
#define PACKAGE_STRING "asciidoc 8.6.10"
#define PACKAGE_BUGREPORT ""
#define PACKAGE_URL ""

configure: exit 0
